<?xml version="1.0" encoding="UTF-8"?>
<!-- Generated by org.testng.reporters.JUnitXMLReporter -->
<testsuite hostname="tasol-System-Product-Name" name="Default test" tests="1" failures="0" timestamp="14 Jul 2015 11:53:40 GMT" time="0.073" errors="0">
  <testcase name="@BeforeSuite checkSuiteToRun" time="0.0" classname="SuiteOne.SuiteOneCaseOne">
    <failure type="java.lang.NullPointerException">
      <![CDATA[java.lang.NullPointerException
	at utility.Read_XLS.retrieveToRunFlag(Read_XLS.java:62)
	at utility.SuiteUtility.checkToRunUtility(SuiteUtility.java:8)
	at SuiteOne.SuiteOneBase.checkSuiteToRun(SuiteOneBase.java:32)
	at sun.reflect.NativeMethodAccessorImpl.invoke0(Native Method)
	at sun.reflect.NativeMethodAccessorImpl.invoke(NativeMethodAccessorImpl.java:57)
	at sun.reflect.DelegatingMethodAccessorImpl.invoke(DelegatingMethodAccessorImpl.java:43)
	at java.lang.reflect.Method.invoke(Method.java:606)
	at org.testng.internal.MethodInvocationHelper.invokeMethod(MethodInvocationHelper.java:84)
	at org.testng.internal.Invoker.invokeConfigurationMethod(Invoker.java:564)
	at org.testng.internal.Invoker.invokeConfigurations(Invoker.java:213)
	at org.testng.internal.Invoker.invokeConfigurations(Invoker.java:138)
	at org.testng.SuiteRunner.privateRun(SuiteRunner.java:277)
	at org.testng.SuiteRunner.run(SuiteRunner.java:240)
	at org.testng.SuiteRunnerWorker.runSuite(SuiteRunnerWorker.java:52)
	at org.testng.SuiteRunnerWorker.run(SuiteRunnerWorker.java:86)
	at org.testng.TestNG.runSuitesSequentially(TestNG.java:1224)
	at org.testng.TestNG.runSuitesLocally(TestNG.java:1149)
	at org.testng.TestNG.run(TestNG.java:1057)
	at org.testng.remote.RemoteTestNG.run(RemoteTestNG.java:111)
	at org.testng.remote.RemoteTestNG.initAndRun(RemoteTestNG.java:204)
	at org.testng.remote.RemoteTestNG.main(RemoteTestNG.java:175)
]]>
    </failure>
  </testcase> <!-- @BeforeSuite checkSuiteToRun -->
  <testcase name="@BeforeTest checkCaseToRun" time="0.0" classname="SuiteOne.SuiteOneCaseOne">
    <skipped/>
  </testcase> <!-- @BeforeTest checkCaseToRun -->
  <testcase name="@AfterTest closeBrowser" time="0.0" classname="SuiteOne.SuiteOneCaseOne">
    <skipped/>
  </testcase> <!-- @AfterTest closeBrowser -->
  <testcase name="SuiteOneCaseOneTest" time="0.019" classname="SuiteOne.SuiteOneCaseOne">
    <skipped/>
  </testcase> <!-- SuiteOneCaseOneTest -->
</testsuite> <!-- Default test -->
