<?xml version="1.0" encoding="UTF-8"?>
<!-- Generated by org.testng.reporters.JUnitXMLReporter -->
<testsuite hostname="tasol-System-Product-Name" name="SuiteOneCaseTwo" tests="1" failures="0" timestamp="15 Jul 2015 05:06:08 GMT" time="0.011" errors="0">
  <testcase name="@BeforeSuite checkSuiteToRun" time="0.0" classname="SuiteOne.SuiteOneCaseTwo">
    <skipped/>
  </testcase> <!-- @BeforeSuite checkSuiteToRun -->
  <testcase name="@BeforeTest checkCaseToRun" time="0.0" classname="SuiteOne.SuiteOneCaseTwo">
    <skipped/>
  </testcase> <!-- @BeforeTest checkCaseToRun -->
  <testcase name="@AfterTest closeBrowser" time="0.0" classname="SuiteOne.SuiteOneCaseTwo">
    <skipped/>
  </testcase> <!-- @AfterTest closeBrowser -->
  <testcase name="SuiteOneCaseTwoTest" time="0.002" classname="SuiteOne.SuiteOneCaseTwo">
    <skipped/>
  </testcase> <!-- SuiteOneCaseTwoTest -->
</testsuite> <!-- SuiteOneCaseTwo -->
